This is pdfTeX, Version 3.14159265-2.6-1.40.19 (MiKTeX 2.9.6630 64-bit) (preloaded format=pdflatex 2018.4.10)  11 JUL 2018 11:20
entering extended mode
**"./d_tyo - Copy.tex"
("d_tyo - Copy.tex"
LaTeX2e <2017-04-15>
Babel <3.18> and hyphenation patterns for 75 language(s) loaded.
(tutthesis.cls
Document Class: tutthesis 2014/07/28 v0.5 Extension to basic LaTeX document cla
ss 'report'
("C:\Program Files\MiKTeX 2.9\tex\latex\base\report.cls"
Document Class: report 2014/09/29 v1.4h Standard LaTeX document class
("C:\Program Files\MiKTeX 2.9\tex\latex\base\size12.clo"
File: size12.clo 2014/09/29 v1.4h Standard LaTeX file (size option)
)
\c@part=\count79
\c@chapter=\count80
\c@section=\count81
\c@subsection=\count82
\c@subsubsection=\count83
\c@paragraph=\count84
\c@subparagraph=\count85
\c@figure=\count86
\c@table=\count87
\abovecaptionskip=\skip41
\belowcaptionskip=\skip42
\bibindent=\dimen102
)
("C:\Program Files\MiKTeX 2.9\tex\latex\base\fontenc.sty"
Package: fontenc 2017/04/05 v2.0i Standard LaTeX package

("C:\Program Files\MiKTeX 2.9\tex\latex\base\t1enc.def"
File: t1enc.def 2017/04/05 v2.0i Standard LaTeX file
LaTeX Font Info:    Redeclaring font encoding T1 on input line 48.
))
("C:\Program Files\MiKTeX 2.9\tex\latex\base\inputenc.sty"
Package: inputenc 2015/03/17 v1.2c Input encoding file
\inpenc@prehook=\toks14
\inpenc@posthook=\toks15

("C:\Program Files\MiKTeX 2.9\tex\latex\base\latin1.def"
File: latin1.def 2015/03/17 v1.2c Input encoding file
))
("C:\Program Files\MiKTeX 2.9\tex\latex\graphics\graphicx.sty"
Package: graphicx 2017/06/01 v1.1a Enhanced LaTeX Graphics (DPC,SPQR)

("C:\Program Files\MiKTeX 2.9\tex\latex\graphics\keyval.sty"
Package: keyval 2014/10/28 v1.15 key=value parser (DPC)
\KV@toks@=\toks16
)
("C:\Program Files\MiKTeX 2.9\tex\latex\graphics\graphics.sty"
Package: graphics 2017/06/25 v1.2c Standard LaTeX Graphics (DPC,SPQR)

("C:\Program Files\MiKTeX 2.9\tex\latex\graphics\trig.sty"
Package: trig 2016/01/03 v1.10 sin cos tan (DPC)
)
("C:\Program Files\MiKTeX 2.9\tex\latex\graphics-cfg\graphics.cfg"
File: graphics.cfg 2016/06/04 v1.11 sample graphics configuration
)
Package graphics Info: Driver file: pdftex.def on input line 99.

("C:\Program Files\MiKTeX 2.9\tex\latex\graphics-def\pdftex.def"
File: pdftex.def 2018/01/08 v1.0l Graphics/color driver for pdftex
))
\Gin@req@height=\dimen103
\Gin@req@width=\dimen104
)
("C:\Program Files\MiKTeX 2.9\tex\latex\psfrag\psfrag.sty"
Package: psfrag 1998/04/11 v3.04 PSfrag (MCG)
\pfg@pcount=\count88
\pfg@scount=\count89
\pfg@temp=\write3
)
("C:\Program Files\MiKTeX 2.9\tex\latex\subfigure\subfigure.sty"
Package: subfigure 2002/07/30 v2.1.4 subfigure package
\subfigtopskip=\skip43
\subfigcapskip=\skip44
\subfigcaptopadj=\dimen105
\subfigbottomskip=\skip45
\subfigcapmargin=\dimen106
\subfiglabelskip=\skip46
\c@subfigure=\count90
\c@lofdepth=\count91
\c@subtable=\count92
\c@lotdepth=\count93

****************************************
* Local config file subfigure.cfg used *
****************************************
("C:\Program Files\MiKTeX 2.9\tex\latex\subfigure\subfigure.cfg")
\subfig@top=\skip47
\subfig@bottom=\skip48
)
("C:\Program Files\MiKTeX 2.9\tex\latex\wrapfig\wrapfig.sty"
\wrapoverhang=\dimen107
\WF@size=\dimen108
\c@WF@wrappedlines=\count94
\WF@box=\box26
\WF@everypar=\toks17
Package: wrapfig 2003/01/31  v 3.6
)
("C:\Program Files\MiKTeX 2.9\tex\latex\fancyhdr\fancyhdr.sty"
Package: fancyhdr 2017/06/30 v3.9a Extensive control of page headers and footer
s
\f@nch@headwidth=\skip49
\f@nch@O@elh=\skip50
\f@nch@O@erh=\skip51
\f@nch@O@olh=\skip52
\f@nch@O@orh=\skip53
\f@nch@O@elf=\skip54
\f@nch@O@erf=\skip55
\f@nch@O@olf=\skip56
\f@nch@O@orf=\skip57
)
("C:\Program Files\MiKTeX 2.9\tex\latex\supertabular\supertabular.sty"
Package: supertabular 2004/02/20 v4.1e the supertabular environment
\c@tracingst=\count95
\ST@wd=\dimen109
\ST@rightskip=\skip58
\ST@leftskip=\skip59
\ST@parfillskip=\skip60
\ST@pageleft=\dimen110
\ST@headht=\dimen111
\ST@tailht=\dimen112
\ST@pagesofar=\dimen113
\ST@pboxht=\dimen114
\ST@lineht=\dimen115
\ST@stretchht=\dimen116
\ST@prevht=\dimen117
\ST@toadd=\dimen118
\ST@dimen=\dimen119
\ST@pbox=\box27
)
("C:\Program Files\MiKTeX 2.9\tex\latex\graphics\rotating.sty"
Package: rotating 2016/08/11 v2.16d rotated objects in LaTeX

("C:\Program Files\MiKTeX 2.9\tex\latex\base\ifthen.sty"
Package: ifthen 2014/09/29 v1.1c Standard LaTeX ifthen package (DPC)
)
\c@r@tfl@t=\count96
\rotFPtop=\skip61
\rotFPbot=\skip62
\rot@float@box=\box28
\rot@mess@toks=\toks18
)
("C:\Program Files\MiKTeX 2.9\tex\latex\amsmath\amsmath.sty"
Package: amsmath 2017/09/02 v2.17a AMS math features
\@mathmargin=\skip63

For additional information on amsmath, use the `?' option.
("C:\Program Files\MiKTeX 2.9\tex\latex\amsmath\amstext.sty"
Package: amstext 2000/06/29 v2.01 AMS text

("C:\Program Files\MiKTeX 2.9\tex\latex\amsmath\amsgen.sty"
File: amsgen.sty 1999/11/30 v2.0 generic functions
\@emptytoks=\toks19
\ex@=\dimen120
))
("C:\Program Files\MiKTeX 2.9\tex\latex\amsmath\amsbsy.sty"
Package: amsbsy 1999/11/29 v1.2d Bold Symbols
\pmbraise@=\dimen121
)
("C:\Program Files\MiKTeX 2.9\tex\latex\amsmath\amsopn.sty"
Package: amsopn 2016/03/08 v2.02 operator names
)
\inf@bad=\count97
LaTeX Info: Redefining \frac on input line 213.
\uproot@=\count98
\leftroot@=\count99
LaTeX Info: Redefining \overline on input line 375.
\classnum@=\count100
\DOTSCASE@=\count101
LaTeX Info: Redefining \ldots on input line 472.
LaTeX Info: Redefining \dots on input line 475.
LaTeX Info: Redefining \cdots on input line 596.
\Mathstrutbox@=\box29
\strutbox@=\box30
\big@size=\dimen122
LaTeX Font Info:    Redeclaring font encoding OML on input line 712.
LaTeX Font Info:    Redeclaring font encoding OMS on input line 713.
\macc@depth=\count102
\c@MaxMatrixCols=\count103
\dotsspace@=\muskip10
\c@parentequation=\count104
\dspbrk@lvl=\count105
\tag@help=\toks20
\row@=\count106
\column@=\count107
\maxfields@=\count108
\andhelp@=\toks21
\eqnshift@=\dimen123
\alignsep@=\dimen124
\tagshift@=\dimen125
\tagwidth@=\dimen126
\totwidth@=\dimen127
\lineht@=\dimen128
\@envbody=\toks22
\multlinegap=\skip64
\multlinetaggap=\skip65
\mathdisplay@stack=\toks23
LaTeX Info: Redefining \[ on input line 2817.
LaTeX Info: Redefining \] on input line 2818.
)
("C:\Program Files\MiKTeX 2.9\tex\latex\setspace\setspace.sty"
Package: setspace 2011/12/19 v6.7a set line spacing
)
("C:\Program Files\MiKTeX 2.9\tex\latex\caption\caption.sty"
Package: caption 2016/02/21 v3.3-144 Customizing captions (AR)

("C:\Program Files\MiKTeX 2.9\tex\latex\caption\caption3.sty"
Package: caption3 2016/05/22 v1.7-166 caption3 kernel (AR)
Package caption3 Info: TeX engine: e-TeX on input line 67.
\captionmargin=\dimen129
\captionmargin@=\dimen130
\captionwidth=\dimen131
\caption@tempdima=\dimen132
\caption@indent=\dimen133
\caption@parindent=\dimen134
\caption@hangindent=\dimen135
)
\c@ContinuedFloat=\count109
Package caption Info: rotating package is loaded.
Package caption Info: subfigure package is loaded.
Package caption Info: supertabular package is loaded.
Package caption Info: wrapfig package is loaded.
)
("C:\Program Files\MiKTeX 2.9\tex\latex\hyperref\hyperref.sty"
Package: hyperref 2018/02/06 v6.86b Hypertext links for LaTeX

("C:\Program Files\MiKTeX 2.9\tex\generic\oberdiek\hobsub-hyperref.sty"
Package: hobsub-hyperref 2016/05/16 v1.14 Bundle oberdiek, subset hyperref (HO)


("C:\Program Files\MiKTeX 2.9\tex\generic\oberdiek\hobsub-generic.sty"
Package: hobsub-generic 2016/05/16 v1.14 Bundle oberdiek, subset generic (HO)
Package: hobsub 2016/05/16 v1.14 Construct package bundles (HO)
Package: infwarerr 2016/05/16 v1.4 Providing info/warning/error messages (HO)
Package: ltxcmds 2016/05/16 v1.23 LaTeX kernel commands for general use (HO)
Package: ifluatex 2016/05/16 v1.4 Provides the ifluatex switch (HO)
Package ifluatex Info: LuaTeX not detected.
Package: ifvtex 2016/05/16 v1.6 Detect VTeX and its facilities (HO)
Package ifvtex Info: VTeX not detected.
Package: intcalc 2016/05/16 v1.2 Expandable calculations with integers (HO)
Package: ifpdf 2017/03/15 v3.2 Provides the ifpdf switch
Package: etexcmds 2016/05/16 v1.6 Avoid name clashes with e-TeX commands (HO)
Package etexcmds Info: Could not find \expanded.
(etexcmds)             That can mean that you are not using pdfTeX 1.50 or
(etexcmds)             that some package has redefined \expanded.
(etexcmds)             In the latter case, load this package earlier.
Package: kvsetkeys 2016/05/16 v1.17 Key value parser (HO)
Package: kvdefinekeys 2016/05/16 v1.4 Define keys (HO)
Package: pdftexcmds 2018/01/21 v0.26 Utility functions of pdfTeX for LuaTeX (HO
)
Package pdftexcmds Info: LuaTeX not detected.
Package pdftexcmds Info: \pdf@primitive is available.
Package pdftexcmds Info: \pdf@ifprimitive is available.
Package pdftexcmds Info: \pdfdraftmode found.
Package: pdfescape 2016/05/16 v1.14 Implements pdfTeX's escape features (HO)
Package: bigintcalc 2016/05/16 v1.4 Expandable calculations on big integers (HO
)
Package: bitset 2016/05/16 v1.2 Handle bit-vector datatype (HO)
Package: uniquecounter 2016/05/16 v1.3 Provide unlimited unique counter (HO)
)
Package hobsub Info: Skipping package `hobsub' (already loaded).
Package: letltxmacro 2016/05/16 v1.5 Let assignment for LaTeX macros (HO)
Package: hopatch 2016/05/16 v1.3 Wrapper for package hooks (HO)
Package: xcolor-patch 2016/05/16 xcolor patch
Package: atveryend 2016/05/16 v1.9 Hooks at the very end of document (HO)
Package atveryend Info: \enddocument detected (standard20110627).
Package: atbegshi 2016/06/09 v1.18 At begin shipout hook (HO)
Package: refcount 2016/05/16 v3.5 Data extraction from label references (HO)
Package: hycolor 2016/05/16 v1.8 Color options for hyperref/bookmark (HO)
)
("C:\Program Files\MiKTeX 2.9\tex\generic\ifxetex\ifxetex.sty"
Package: ifxetex 2010/09/12 v0.6 Provides ifxetex conditional
)
("C:\Program Files\MiKTeX 2.9\tex\latex\oberdiek\auxhook.sty"
Package: auxhook 2016/05/16 v1.4 Hooks for auxiliary files (HO)
)
("C:\Program Files\MiKTeX 2.9\tex\latex\oberdiek\kvoptions.sty"
Package: kvoptions 2016/05/16 v3.12 Key value format for package options (HO)
)
\@linkdim=\dimen136
\Hy@linkcounter=\count110
\Hy@pagecounter=\count111

("C:\Program Files\MiKTeX 2.9\tex\latex\hyperref\pd1enc.def"
File: pd1enc.def 2018/02/06 v6.86b Hyperref: PDFDocEncoding definition (HO)
)
\Hy@SavedSpaceFactor=\count112

("C:\Program Files\MiKTeX 2.9\tex\latex\00miktex\hyperref.cfg"
File: hyperref.cfg 2002/06/06 v1.2 hyperref configuration of TeXLive
)
Package hyperref Info: Hyper figures OFF on input line 4509.
Package hyperref Info: Link nesting OFF on input line 4514.
Package hyperref Info: Hyper index ON on input line 4517.
Package hyperref Info: Plain pages OFF on input line 4524.
Package hyperref Info: Backreferencing OFF on input line 4529.
Package hyperref Info: Implicit mode ON; LaTeX internals redefined.
Package hyperref Info: Bookmarks ON on input line 4762.
\c@Hy@tempcnt=\count113

("C:\Program Files\MiKTeX 2.9\tex\latex\url\url.sty"
\Urlmuskip=\muskip11
Package: url 2013/09/16  ver 3.4  Verb mode for urls, etc.
)
LaTeX Info: Redefining \url on input line 5115.
\XeTeXLinkMargin=\dimen137
\Fld@menulength=\count114
\Field@Width=\dimen138
\Fld@charsize=\dimen139
Package hyperref Info: Hyper figures OFF on input line 6369.
Package hyperref Info: Link nesting OFF on input line 6374.
Package hyperref Info: Hyper index ON on input line 6377.
Package hyperref Info: backreferencing OFF on input line 6384.
Package hyperref Info: Link coloring OFF on input line 6389.
Package hyperref Info: Link coloring with OCG OFF on input line 6394.
Package hyperref Info: PDF/A mode OFF on input line 6399.
LaTeX Info: Redefining \ref on input line 6439.
LaTeX Info: Redefining \pageref on input line 6443.
\Hy@abspage=\count115
\c@Item=\count116
\c@Hfootnote=\count117
)
Package hyperref Info: Driver (autodetected): hpdftex.

("C:\Program Files\MiKTeX 2.9\tex\latex\hyperref\hpdftex.def"
File: hpdftex.def 2018/02/06 v6.86b Hyperref driver for pdfTeX
\Fld@listcount=\count118
\c@bookmark@seq@number=\count119

("C:\Program Files\MiKTeX 2.9\tex\latex\oberdiek\rerunfilecheck.sty"
Package: rerunfilecheck 2016/05/16 v1.8 Rerun checks for auxiliary files (HO)
Package uniquecounter Info: New unique counter `rerunfilecheck' on input line 2
82.
)
\Hy@SectionHShift=\skip66
)
\chapterspace=\skip67

("C:\Program Files\MiKTeX 2.9\tex\latex\listings\listings.sty"
\lst@mode=\count120
\lst@gtempboxa=\box31
\lst@token=\toks24
\lst@length=\count121
\lst@currlwidth=\dimen140
\lst@column=\count122
\lst@pos=\count123
\lst@lostspace=\dimen141
\lst@width=\dimen142
\lst@newlines=\count124
\lst@lineno=\count125
\lst@maxwidth=\dimen143

("C:\Program Files\MiKTeX 2.9\tex\latex\listings\lstmisc.sty"
File: lstmisc.sty 2015/06/04 1.6 (Carsten Heinz)
\c@lstnumber=\count126
\lst@skipnumbers=\count127
\lst@framebox=\box32
)
("C:\Program Files\MiKTeX 2.9\tex\latex\listings\listings.cfg"
File: listings.cfg 2015/06/04 1.6 listings configuration
))
Package: listings 2015/06/04 1.6 (Carsten Heinz)

("C:\Program Files\MiKTeX 2.9\tex\latex\graphics\color.sty"
Package: color 2016/07/10 v1.1e Standard LaTeX Color (DPC)

("C:\Program Files\MiKTeX 2.9\tex\latex\graphics-cfg\color.cfg"
File: color.cfg 2016/01/02 v1.6 sample color configuration
)
Package color Info: Driver file: pdftex.def on input line 147.
))
("C:\Program Files\MiKTeX 2.9\tex\latex\tocbibind\tocbibind.sty"
Package: tocbibind 2010/10/13 v1.5k extra ToC listings
Package tocbibind Info: The document has chapter divisions on input line 50.


Package tocbibind Note: Using chapter style headings, unless overridden.

) ("C:\Program Files\MiKTeX 2.9\tex\generic\babel\babel.sty"
Package: babel 2018/02/14 3.18 The Babel package

("C:\Program Files\MiKTeX 2.9\tex\generic\babel\switch.def"
File: switch.def 2018/02/14 3.18 Babel switching mechanism
)
*************************************
* Local config file bblopts.cfg used
*
("C:\Program Files\MiKTeX 2.9\tex\latex\arabi\bblopts.cfg"
File: bblopts.cfg 2005/09/08 v0.1 add Arabic and Farsi to "declared" options of
 babel
)
("C:\Program Files\MiKTeX 2.9\tex\latex\babel-english\english.ldf"
Language: english 2017/06/06 v3.3r English support from the babel system

("C:\Program Files\MiKTeX 2.9\tex\generic\babel\babel.def"
File: babel.def 2018/02/14 3.18 Babel common definitions
\babel@savecnt=\count128
\U@D=\dimen144

("C:\Program Files\MiKTeX 2.9\tex\generic\babel\txtbabel.def")
\bbl@dirlevel=\count129
)
\l@canadian = a dialect from \language\l@american 
\l@australian = a dialect from \language\l@british 
\l@newzealand = a dialect from \language\l@british 
)
("C:\Program Files\MiKTeX 2.9\tex\latex\babel-finnish\finnish.ldf"
Language: finnish 2007/10/20 v1.3q Finnish support from the babel system
Package babel Info: Making " an active character on input line 89.
)

Package babel Warning: Last declared language option is `english',
(babel)                but the last processed one was `finnish'.
(babel)                The main language cannot be set as both a global
(babel)                and a package option. Use `main=english' as
(babel)                option. Reported on input line 460.

) ("C:\Program Files\MiKTeX 2.9\tex\latex\oberdiek\pdflscape.sty"
Package: pdflscape 2016/05/14 v0.11 Display of landscape pages in PDF (HO)

("C:\Program Files\MiKTeX 2.9\tex\latex\graphics\lscape.sty"
Package: lscape 2000/10/22 v3.01 Landscape Pages (DPC)
)
Package pdflscape Info: Auto-detected driver: pdftex on input line 81.
)
("C:\Program Files\MiKTeX 2.9\tex\latex\multirow\multirow.sty"
Package: multirow 2016/11/25 v2.2 Span multiple rows of a table
\multirow@colwidth=\skip68
\multirow@cntb=\count130
\multirow@dima=\skip69
\bigstrutjot=\dimen145
)
("C:\Program Files\MiKTeX 2.9\tex\latex\tools\multicol.sty"
Package: multicol 2017/04/11 v1.8q multicolumn formatting (FMi)
\c@tracingmulticols=\count131
\mult@box=\box33
\multicol@leftmargin=\dimen146
\c@unbalance=\count132
\c@collectmore=\count133
\doublecol@number=\count134
\multicoltolerance=\count135
\multicolpretolerance=\count136
\full@width=\dimen147
\page@free=\dimen148
\premulticols=\dimen149
\postmulticols=\dimen150
\multicolsep=\skip70
\multicolbaselineskip=\skip71
\partial@page=\box34
\last@line=\box35
\maxbalancingoverflow=\dimen151
\mult@rightbox=\box36
\mult@grightbox=\box37
\mult@gfirstbox=\box38
\mult@firstbox=\box39
\@tempa=\box40
\@tempa=\box41
\@tempa=\box42
\@tempa=\box43
\@tempa=\box44
\@tempa=\box45
\@tempa=\box46
\@tempa=\box47
\@tempa=\box48
\@tempa=\box49
\@tempa=\box50
\@tempa=\box51
\@tempa=\box52
\@tempa=\box53
\@tempa=\box54
\@tempa=\box55
\@tempa=\box56
\c@columnbadness=\count137
\c@finalcolumnbadness=\count138
\last@try=\dimen152
\multicolovershoot=\dimen153
\multicolundershoot=\dimen154
\mult@nat@firstbox=\box57
\colbreak@box=\box58
\mc@col@check@num=\count139
)
("C:\Program Files\MiKTeX 2.9\tex\latex\cite\cite.sty"
LaTeX Info: Redefining \cite on input line 302.
LaTeX Info: Redefining \nocite on input line 332.
Package: cite 2015/02/27  v 5.5
) ("d_tyo - Copy.aux"

LaTeX Warning: Label `eq:diagonal_of_bbox' multiply defined.


LaTeX Warning: Label `' multiply defined.

)
\openout1 = `"d_tyo - Copy.aux"'.

LaTeX Font Info:    Checking defaults for OML/cmm/m/it on input line 112.
LaTeX Font Info:    ... okay on input line 112.
LaTeX Font Info:    Checking defaults for T1/cmr/m/n on input line 112.
LaTeX Font Info:    ... okay on input line 112.
LaTeX Font Info:    Checking defaults for OT1/cmr/m/n on input line 112.
LaTeX Font Info:    ... okay on input line 112.
LaTeX Font Info:    Checking defaults for OMS/cmsy/m/n on input line 112.
LaTeX Font Info:    ... okay on input line 112.
LaTeX Font Info:    Checking defaults for OMX/cmex/m/n on input line 112.
LaTeX Font Info:    ... okay on input line 112.
LaTeX Font Info:    Checking defaults for U/cmr/m/n on input line 112.
LaTeX Font Info:    ... okay on input line 112.
LaTeX Font Info:    Checking defaults for PD1/pdf/m/n on input line 112.
LaTeX Font Info:    ... okay on input line 112.
 ("C:\Program Files\MiKTeX 2.9\tex\context\base\supp-pdf.mkii"
[Loading MPS to PDF converter (version 2006.09.02).]
\scratchcounter=\count140
\scratchdimen=\dimen155
\scratchbox=\box59
\nofMPsegments=\count141
\nofMParguments=\count142
\everyMPshowfont=\toks25
\MPscratchCnt=\count143
\MPscratchDim=\dimen156
\MPnumerator=\count144
\makeMPintoPDFobject=\count145
\everyMPtoPDFconversion=\toks26
) ("C:\Program Files\MiKTeX 2.9\tex\latex\oberdiek\epstopdf-base.sty"
Package: epstopdf-base 2016/05/15 v2.6 Base part for package epstopdf

("C:\Program Files\MiKTeX 2.9\tex\latex\oberdiek\grfext.sty"
Package: grfext 2016/05/16 v1.2 Manage graphics extensions (HO)
)
Package epstopdf-base Info: Redefining graphics rule for `.eps' on input line 4
38.
Package grfext Info: Graphics extension search list:
(grfext)             [.pdf,.png,.jpg,.mps,.jpeg,.jbig2,.jb2,.PDF,.PNG,.JPG,.JPE
G,.JBIG2,.JB2,.eps]
(grfext)             \AppendGraphicsExtensions on input line 456.
)
Package caption Info: Begin \AtBeginDocument code.
Package caption Info: hyperref package is loaded.
Package caption Info: listings package is loaded.
Package caption Info: End \AtBeginDocument code.
\AtBeginShipoutBox=\box60
Package hyperref Info: Link coloring OFF on input line 112.

("C:\Program Files\MiKTeX 2.9\tex\latex\hyperref\nameref.sty"
Package: nameref 2016/05/21 v2.44 Cross-referencing by name of section

("C:\Program Files\MiKTeX 2.9\tex\generic\oberdiek\gettitlestring.sty"
Package: gettitlestring 2016/05/16 v1.5 Cleanup title references (HO)
)
\c@section@level=\count146
)
LaTeX Info: Redefining \ref on input line 112.
LaTeX Info: Redefining \pageref on input line 112.
LaTeX Info: Redefining \nameref on input line 112.

("d_tyo - Copy.out") ("d_tyo - Copy.out")
\@outlinefile=\write4
\openout4 = `"d_tyo - Copy.out"'.

\c@lstlisting=\count147
<tty_tut_logo.pdf, id=106, 630.355pt x 151.56625pt>
File: tty_tut_logo.pdf Graphic file (type pdf)
<use tty_tut_logo.pdf>
Package pdftex.def Info: tty_tut_logo.pdf  used on input line 121.
(pdftex.def)             Requested size: 227.62204pt x 54.73032pt.
LaTeX Font Info:    Try loading font information for T1+cmss on input line 127.


("C:\Program Files\MiKTeX 2.9\tex\latex\base\t1cmss.fd"
File: t1cmss.fd 2014/09/29 v2.5h Standard LaTeX font definitions
)
Overfull \hbox (14.1015pt too wide) in paragraph at lines 127--129
\T1/cmss/bx/n/14.4 IMPROVEMENTS FOR PROJECTION-BASED POINT CLOUD
 []


Underfull \hbox (badness 10000) in paragraph at lines 127--129

 []


Underfull \hbox (badness 10000) in paragraph at lines 143--147

 []

[0
Non-PDF special ignored!
<special> header=psfrag.pro

Non-PDF special ignored!
<special> papersize=210mm,297mm
{C:/Users/sheikhip/AppData/Local/MiKTeX/2.9/pdftex/config/pdftex.map} <./tty_tu
t_logo.pdf>]
Underfull \hbox (badness 10000) in paragraph at lines 171--180

 []

[1

]
Underfull \hbox (badness 10000) in paragraph at lines 199--207

 []

[2

] [3] ("d_tyo - Copy.toc")
\tf@toc=\write5
\openout5 = `"d_tyo - Copy.toc"'.

 [4

] ("d_tyo - Copy.lof"
Overfull \hbox (5.4158pt too wide) in paragraph at lines 31--31
 [][] [][]\T1/cmr/m/n/12 (a) Tex-tu-re and (b) geo-met-ry pro-jec-tion ima-ges 
examples for \T1/cmr/m/it/12 Longdress 
 []

[5

]
Overfull \hbox (20.44817pt too wide) in paragraph at lines 40--40
 [][] [][]\T1/cmr/m/n/12 Texture pla-ne for deci-ma-tion ro-ta-tion af-ter appl
ying edge-Smoothing(top) 
 []

)
\tf@lof=\write6
\openout6 = `"d_tyo - Copy.lof"'.

 [6] ("d_tyo - Copy.lot")
\tf@lot=\write7
\openout7 = `"d_tyo - Copy.lot"'.

 [7

] [8

]
Underfull \hbox (badness 10000) in paragraph at lines 323--338

 []

[9

]
 1.
<tele_immersive.png, id=279, 502.12593pt x 240.9pt>
File: tele_immersive.png Graphic file (type png)
<use tele_immersive.png>
Package pdftex.def Info: tele_immersive.png  used on input line 378.
(pdftex.def)             Requested size: 401.7013pt x 192.72025pt.
[1

 <./tele_immersive.png>]

LaTeX Warning: Citation `H.264_AVC' on page 2 undefined on input line 385.


LaTeX Warning: Citation `High_Efficiency_Video_Coding_HEVC' on page 2 undefined
 on input line 385.


LaTeX Warning: Citation `3D_HEVC' on page 2 undefined on input line 385.

<overall_process_of_projection_based.png, id=293, 615.0478pt x 376.40625pt>
File: overall_process_of_projection_based.png Graphic file (type png)
<use overall_process_of_projection_based.png>
Package pdftex.def Info: overall_process_of_projection_based.png  used on input
 line 390.
(pdftex.def)             Requested size: 362.87506pt x 222.07776pt.
[2]
LaTeX Font Info:    Try loading font information for OMS+cmr on input line 395.

 ("C:\Program Files\MiKTeX 2.9\tex\latex\base\omscmr.fd"
File: omscmr.fd 2014/09/29 v2.5h Standard LaTeX font definitions
)
LaTeX Font Info:    Font shape `OMS/cmr/m/n' in size <12> not available
(Font)              Font shape `OMS/cmsy/m/n' tried instead on input line 395.
 [3 <./overall_process_of_projection_based.png>]
<Original.png, id=309, 286.06876pt x 785.18344pt>
File: Original.png Graphic file (type png)
<use Original.png>
Package pdftex.def Info: Original.png  used on input line 404.
(pdftex.def)             Requested size: 114.42546pt x 314.06781pt.
<projectionCodec.png, id=310, 286.06876pt x 779.91376pt>
File: projectionCodec.png Graphic file (type png)
<use projectionCodec.png>
Package pdftex.def Info: projectionCodec.png  used on input line 407.
(pdftex.def)             Requested size: 114.42546pt x 311.95998pt.
<referenceCodec.png, id=311, 286.06876pt x 784.43062pt>
File: referenceCodec.png Graphic file (type png)
<use referenceCodec.png>
Package pdftex.def Info: referenceCodec.png  used on input line 410.
(pdftex.def)             Requested size: 114.42546pt x 313.76668pt.
 [4 <./Original.png> <./projectionCodec.png> <./referenceCodec.png>]
 2.
<test_projections.png, id=324, 647.41875pt x 185.19188pt>
File: test_projections.png Graphic file (type png)
<use test_projections.png>
Package pdftex.def Info: test_projections.png  used on input line 427.
(pdftex.def)             Requested size: 420.8172pt x 120.37328pt.
<bounding_box.png, id=327, 233.37187pt x 333.49594pt>
File: bounding_box.png Graphic file (type png)
<use bounding_box.png>
Package pdftex.def Info: bounding_box.png  used on input line 440.
(pdftex.def)             Requested size: 140.02419pt x 200.09909pt.
<texture_geometry.png, id=328, 268.00125pt x 339.51843pt>
File: texture_geometry.png Graphic file (type png)
<use texture_geometry.png>
Package pdftex.def Info: texture_geometry.png  used on input line 444.
(pdftex.def)             Requested size: 160.80197pt x 203.71262pt.

Underfull \hbox (badness 10000) in paragraph at lines 433--449

 []

[5

 <./test_projections.png>] [6 <./bounding_box.png> <./texture_geometry.png>]
<sparse_projection.png, id=344, 329.73187pt x 179.16937pt>
File: sparse_projection.png Graphic file (type png)
<use sparse_projection.png>
Package pdftex.def Info: sparse_projection.png  used on input line 485.
(pdftex.def)             Requested size: 164.86552pt x 89.58446pt.
<inpainted_sparse_projection.png, id=345, 330.48468pt x 164.11313pt>
File: inpainted_sparse_projection.png Graphic file (type png)
<use inpainted_sparse_projection.png>
Package pdftex.def Info: inpainted_sparse_projection.png  used on input line 48
9.
(pdftex.def)             Requested size: 181.76714pt x 90.26248pt.

[7]
<sparse_reddress.png, id=364, 375.65344pt x 314.67563pt>
File: sparse_reddress.png Graphic file (type png)
<use sparse_reddress.png>
Package pdftex.def Info: sparse_reddress.png  used on input line 497.
(pdftex.def)             Requested size: 150.2587pt x 125.86801pt.
<inpanted_reddress.png, id=365, 375.65344pt x 318.43968pt>
File: inpanted_reddress.png Graphic file (type png)
<use inpanted_reddress.png>
Package pdftex.def Info: inpanted_reddress.png  used on input line 501.
(pdftex.def)             Requested size: 150.2587pt x 127.37361pt.
<sphere_projection.png, id=366, 672.26157pt x 351.56343pt>
File: sphere_projection.png Graphic file (type png)
<use sphere_projection.png>
Package pdftex.def Info: sphere_projection.png  used on input line 509.
(pdftex.def)             Requested size: 403.36005pt x 210.93968pt.
 [8 <./sparse_projection.png> <./inpainted_sparse_projection.png> <./sparse_red
dress.png> <./inpanted_reddress.png>]
<cartesian.png, id=377, 403.5075pt x 382.42876pt>
File: cartesian.png Graphic file (type png)
<use cartesian.png>
Package pdftex.def Info: cartesian.png  used on input line 533.
(pdftex.def)             Requested size: 201.75325pt x 191.2139pt.
 [9 <./sphere_projection.png>]
<shpere_projection_original_egyption.png, id=397, 455.45157pt x 531.48563pt>
File: shpere_projection_original_egyption.png Graphic file (type png)
<use shpere_projection_original_egyption.png>
Package pdftex.def Info: shpere_projection_original_egyption.png  used on input
 line 551.
(pdftex.def)             Requested size: 136.63652pt x 159.44691pt.
<shpere_projection_rec_egyption.png, id=398, 456.20438pt x 537.50812pt>
File: shpere_projection_rec_egyption.png Graphic file (type png)
<use shpere_projection_rec_egyption.png>
Package pdftex.def Info: shpere_projection_rec_egyption.png  used on input line
 554.
(pdftex.def)             Requested size: 136.86237pt x 161.25368pt.
<shpere_projection_original_longdress.png, id=399, 220.57407pt x 616.55344pt>
File: shpere_projection_original_longdress.png Graphic file (type png)
<use shpere_projection_original_longdress.png>
Package pdftex.def Info: shpere_projection_original_longdress.png  used on inpu
t line 557.
(pdftex.def)             Requested size: 88.22806pt x 246.617pt.
<shpere_projection_rec_longdress.png, id=400, 218.31563pt x 612.78937pt>
File: shpere_projection_rec_longdress.png Graphic file (type png)
<use shpere_projection_rec_longdress.png>
Package pdftex.def Info: shpere_projection_rec_longdress.png  used on input lin
e 560.
(pdftex.def)             Requested size: 87.32469pt x 245.1114pt.

Overfull \hbox (22.2603pt too wide) in paragraph at lines 551--562
 [][][][][][][][][] 
 []

[10 <./cartesian.png>]
<cylinder_projection.png, id=411, 417.05812pt x 408.77719pt>
File: cylinder_projection.png Graphic file (type png)
<use cylinder_projection.png>
Package pdftex.def Info: cylinder_projection.png  used on input line 578.
(pdftex.def)             Requested size: 291.93869pt x 286.14207pt.
<planer_rotation_projection.png, id=412, 399.74344pt x 372.64218pt>
File: planer_rotation_projection.png Graphic file (type png)
<use planer_rotation_projection.png>
Package pdftex.def Info: planer_rotation_projection.png  used on input line 587
.
(pdftex.def)             Requested size: 279.81848pt x 260.84775pt.
<4rot.png, id=413, 565.36218pt x 377.15906pt>
File: 4rot.png Graphic file (type png)
<use 4rot.png>
Package pdftex.def Info: 4rot.png  used on input line 595.
(pdftex.def)             Requested size: 197.87971pt x 132.00764pt.
<depth_4rot.png, id=414, 173.14688pt x 114.4275pt>
File: depth_4rot.png Graphic file (type png)
<use depth_4rot.png>
Package pdftex.def Info: depth_4rot.png  used on input line 599.
(pdftex.def)             Requested size: 200.85051pt x 132.73598pt.
 [11 <./shpere_projection_original_egyption.png> <./shpere_projection_rec_egypt
ion.png> <./shpere_projection_original_longdress.png> <./shpere_projection_rec_
longdress.png>]

LaTeX Warning: Reference `fig:make_8_rot_dicriptionOfLaw_nemidoanm' on page 12 
undefined on input line 603.

[12 <./cylinder_projection.png>] [13 <./planer_rotation_projection.png> <./4rot
.png> <./depth_4rot.png>]

LaTeX Warning: Reference `fig:make_8_rot_dicriptionOfLaw_nemidoanm' on page 14 
undefined on input line 605.


LaTeX Warning: Reference `fig:sequential_decimation_a' on page 14 undefined on 
input line 606.

<Effect_of_sequential_decimation_after_each_projection.png, id=447, 272.6988pt 
x 211.992pt>
File: Effect_of_sequential_decimation_after_each_projection.png Graphic file (t
ype png)
<use Effect_of_sequential_decimation_after_each_projection.png>
Package pdftex.def Info: Effect_of_sequential_decimation_after_each_projection.
png  used on input line 609.
(pdftex.def)             Requested size: 272.69812pt x 211.99147pt.
<Improved_occlusion_handling_provided_sequential_decimation.png, id=448, 140.37
9pt x 104.901pt>
File: Improved_occlusion_handling_provided_sequential_decimation.png Graphic fi
le (type png)
<use Improved_occlusion_handling_provided_sequential_decimation.png>
Package pdftex.def Info: Improved_occlusion_handling_provided_sequential_decima
tion.png  used on input line 615.
(pdftex.def)             Requested size: 350.94661pt x 262.25185pt.
[14 <./Effect_of_sequential_decimation_after_each_projection.png>] [15 <./Impro
ved_occlusion_handling_provided_sequential_decimation.png>]
 3.
[16

]
<Average.png, id=467, 327.47343pt x 266.49562pt>
File: Average.png Graphic file (type png)
<use Average.png>
Package pdftex.def Info: Average.png  used on input line 635.
(pdftex.def)             Requested size: 229.22984pt x 186.54565pt.

Overfull \hbox (0.93477pt too wide) in paragraph at lines 632--639
\T1/cmr/m/n/12 ten-si-ty tran-si-tions in the boun-da-ries between the point cl
oud con-tent and background
 []

[17 <./Average.png>]
<original_8rot.png, id=474, 867.99281pt x 385.44pt>
File: original_8rot.png Graphic file (type png)
<use original_8rot.png>
Package pdftex.def Info: original_8rot.png  used on input line 643.
(pdftex.def)             Requested size: 477.39752pt x 211.99265pt.
<gray_average_8rot.png, id=475, 867.99281pt x 386.94562pt>
File: gray_average_8rot.png Graphic file (type png)
<use gray_average_8rot.png>
Package pdftex.def Info: gray_average_8rot.png  used on input line 646.
(pdftex.def)             Requested size: 477.39752pt x 212.82074pt.


LaTeX Warning: Float too large for page by 50.12204pt on input line 650.

[18 <./original_8rot.png> <./gray_average_8rot.png>]
<Removing_smallPoints.png, id=486, 199.49532pt x 146.04562pt>
File: Removing_smallPoints.png Graphic file (type png)
<use Removing_smallPoints.png>
Package pdftex.def Info: Removing_smallPoints.png  used on input line 667.
(pdftex.def)             Requested size: 179.54411pt x 131.43982pt.
 [19


] [20 <./Removing_smallPoints.png>]
<gray_blur_8rot_problem.png, id=496, 867.99281pt x 386.94562pt>
File: gray_blur_8rot_problem.png Graphic file (type png)
<use gray_blur_8rot_problem.png>
Package pdftex.def Info: gray_blur_8rot_problem.png  used on input line 675.
(pdftex.def)             Requested size: 477.39752pt x 212.82074pt.
<gray_blur_8rot_patchref.png, id=497, 866.48718pt x 386.94562pt>
File: gray_blur_8rot_patchref.png Graphic file (type png)
<use gray_blur_8rot_patchref.png>
Package pdftex.def Info: gray_blur_8rot_patchref.png  used on input line 678.
(pdftex.def)             Requested size: 476.56943pt x 212.82074pt.


LaTeX Warning: Float too large for page by 50.95013pt on input line 682.

[21 <./gray_blur_8rot_problem.png> <./gray_blur_8rot_patchref.png>]
 4.

Underfull \hbox (badness 10000) in paragraph at lines 686--688

 []


Underfull \hbox (badness 10000) in paragraph at lines 691--692

 []

[22



]
Underfull \hbox (badness 10000) in paragraph at lines 718--719

 []


Underfull \hbox (badness 10000) in paragraph at lines 720--722

 []

[23]
Underfull \hbox (badness 10000) in paragraph at lines 726--728

 []

<Illustration_D1_and_D2.png, id=528, 172.134pt x 117.603pt>
File: Illustration_D1_and_D2.png Graphic file (type png)
<use Illustration_D1_and_D2.png>
Package pdftex.def Info: Illustration_D1_and_D2.png  used on input line 734.
(pdftex.def)             Requested size: 223.77417pt x 152.88387pt.

Underfull \hbox (badness 10000) in paragraph at lines 731--740

 []


Underfull \hbox (badness 10000) in paragraph at lines 754--756

 []

[24 <./Illustration_D1_and_D2.png>]
Underfull \hbox (badness 10000) in paragraph at lines 757--759

 []


Underfull \hbox (badness 10000) in paragraph at lines 762--764

 []


Overfull \hbox (1.42088pt too wide) in paragraph at lines 766--767
\T1/cmr/m/n/12 This sec-tion pre-sents the re-sults of imple-men-ted pro-po-sed
 al-go-rithms for 2D compres-
 []


Underfull \hbox (badness 10000) in paragraph at lines 766--767

 []

<AI_D1_loot_Smooth1_Refine0.png, id=543, 319.94531pt x 213.04594pt>
File: AI_D1_loot_Smooth1_Refine0.png Graphic file (type png)
<use AI_D1_loot_Smooth1_Refine0.png>
Package pdftex.def Info: AI_D1_loot_Smooth1_Refine0.png  used on input line 803
.
(pdftex.def)             Requested size: 299.12292pt x 199.18068pt.
<AI_D2_loot_Smooth1_Refine0.png, id=544, 311.66437pt x 214.55156pt>
File: AI_D2_loot_Smooth1_Refine0.png Graphic file (type png)
<use AI_D2_loot_Smooth1_Refine0.png>
Package pdftex.def Info: AI_D2_loot_Smooth1_Refine0.png  used on input line 805
.
(pdftex.def)             Requested size: 289.32175pt x 199.17076pt.
<AI_Y_loot_Smooth1_Refine0.png, id=545, 311.66437pt x 219.06844pt>
File: AI_Y_loot_Smooth1_Refine0.png Graphic file (type png)
<use AI_Y_loot_Smooth1_Refine0.png>
Package pdftex.def Info: AI_Y_loot_Smooth1_Refine0.png  used on input line 807.

(pdftex.def)             Requested size: 283.35822pt x 199.17206pt.

LaTeX Warning: Float too large for page by 19.95517pt on input line 811.

<RA_D1_loot_Smooth1_Refine0.png, id=546, 316.18124pt x 208.52907pt>
File: RA_D1_loot_Smooth1_Refine0.png Graphic file (type png)
<use RA_D1_loot_Smooth1_Refine0.png>
Package pdftex.def Info: RA_D1_loot_Smooth1_Refine0.png  used on input line 845
.
(pdftex.def)             Requested size: 302.00598pt x 199.18015pt.
<RA_D2_loot_Smooth1_Refine0.png, id=547, 311.66437pt x 214.55156pt>
File: RA_D2_loot_Smooth1_Refine0.png Graphic file (type png)
<use RA_D2_loot_Smooth1_Refine0.png>
Package pdftex.def Info: RA_D2_loot_Smooth1_Refine0.png  used on input line 847
.
(pdftex.def)             Requested size: 289.32175pt x 199.17076pt.
<RA_Y_loot_Smooth1_Refine0.png, id=548, 308.65312pt x 215.30438pt>
File: RA_Y_loot_Smooth1_Refine0.png Graphic file (type png)
<use RA_Y_loot_Smooth1_Refine0.png>
Package pdftex.def Info: RA_Y_loot_Smooth1_Refine0.png  used on input line 849.

(pdftex.def)             Requested size: 285.52791pt x 199.17314pt.

LaTeX Warning: Float too large for page by 19.95572pt on input line 853.

<AI_D1_loot_Smooth0_Refine1.png, id=549, 312.41719pt x 210.7875pt>
File: AI_D1_loot_Smooth0_Refine1.png Graphic file (type png)
<use AI_D1_loot_Smooth0_Refine1.png>
Package pdftex.def Info: AI_D1_loot_Smooth0_Refine1.png  used on input line 888
.
(pdftex.def)             Requested size: 295.20242pt x 199.17273pt.
<AI_D2_loot_Smooth0_Refine1.png, id=550, 311.66437pt x 214.55156pt>
File: AI_D2_loot_Smooth0_Refine1.png Graphic file (type png)
<use AI_D2_loot_Smooth0_Refine1.png>
Package pdftex.def Info: AI_D2_loot_Smooth0_Refine1.png  used on input line 890
.
(pdftex.def)             Requested size: 289.32175pt x 199.17076pt.
<AI_Y_loot_Smooth0_Refine1.png, id=551, 310.15875pt x 217.5628pt>
File: AI_Y_loot_Smooth0_Refine1.png Graphic file (type png)
<use AI_Y_loot_Smooth0_Refine1.png>
Package pdftex.def Info: AI_Y_loot_Smooth0_Refine1.png  used on input line 892.

(pdftex.def)             Requested size: 283.95338pt x 199.18088pt.

LaTeX Warning: Float too large for page by 19.95604pt on input line 896.

<RA_D1_loot_Smooth0_Refine1.png, id=552, 314.67563pt x 210.03468pt>
File: RA_D1_loot_Smooth0_Refine1.png Graphic file (type png)
<use RA_D1_loot_Smooth0_Refine1.png>
Package pdftex.def Info: RA_D1_loot_Smooth0_Refine1.png  used on input line 930
.
(pdftex.def)             Requested size: 298.39757pt x 199.16966pt.
<RA_D2_loot_Smooth0_Refine1.png, id=553, 313.9228pt x 216.05719pt>
File: RA_D2_loot_Smooth0_Refine1.png Graphic file (type png)
<use RA_D2_loot_Smooth0_Refine1.png>
Package pdftex.def Info: RA_D2_loot_Smooth0_Refine1.png  used on input line 932
.
(pdftex.def)             Requested size: 289.39687pt x 199.17722pt.
<RA_Y_loot_Smooth0_Refine1.png, id=554, 311.66437pt x 214.55156pt>
File: RA_Y_loot_Smooth0_Refine1.png Graphic file (type png)
<use RA_Y_loot_Smooth0_Refine1.png>
Package pdftex.def Info: RA_Y_loot_Smooth0_Refine1.png  used on input line 934.

(pdftex.def)             Requested size: 289.32175pt x 199.17076pt.

LaTeX Warning: Float too large for page by 19.94931pt on input line 938.

[25]
<AI_D1_loot_Smooth1_Refine1.png, id=560, 315.42844pt x 210.03468pt>
File: AI_D1_loot_Smooth1_Refine1.png Graphic file (type png)
<use AI_D1_loot_Smooth1_Refine1.png>
Package pdftex.def Info: AI_D1_loot_Smooth1_Refine1.png  used on input line 973
.
(pdftex.def)             Requested size: 299.11143pt x 199.16966pt.
<AI_D2_loot_Smooth1_Refine1.png, id=561, 311.66437pt x 216.81pt>
File: AI_D2_loot_Smooth1_Refine1.png Graphic file (type png)
<use AI_D2_loot_Smooth1_Refine1.png>
Package pdftex.def Info: AI_D2_loot_Smooth1_Refine1.png  used on input line 975
.
(pdftex.def)             Requested size: 286.32095pt x 199.1798pt.
<AI_Y_loot_Smooth1_Refine1.png, id=562, 310.15875pt x 215.30438pt>
File: AI_Y_loot_Smooth1_Refine1.png Graphic file (type png)
<use AI_Y_loot_Smooth1_Refine1.png>
Package pdftex.def Info: AI_Y_loot_Smooth1_Refine1.png  used on input line 977.

(pdftex.def)             Requested size: 286.92075pt x 199.17314pt.


LaTeX Warning: Float too large for page by 19.95427pt on input line 981.

<RA_D1_loot_Smooth1_Refine1.png, id=563, 313.17pt x 207.77625pt>
File: RA_D1_loot_Smooth1_Refine1.png Graphic file (type png)
<use RA_D1_loot_Smooth1_Refine1.png>
Package pdftex.def Info: RA_D1_loot_Smooth1_Refine1.png  used on input line 101
5.
(pdftex.def)             Requested size: 300.2097pt x 199.17758pt.
<RA_D2_loot_Smooth1_Refine1.png, id=564, 310.15875pt x 212.29312pt>
File: RA_D2_loot_Smooth1_Refine1.png Graphic file (type png)
<use RA_D2_loot_Smooth1_Refine1.png>
Package pdftex.def Info: RA_D2_loot_Smooth1_Refine1.png  used on input line 101
7.
(pdftex.def)             Requested size: 291.00027pt x 199.1798pt.
<RA_Y_loot_Smooth1_Refine1.png, id=565, 308.65312pt x 213.79875pt>
File: RA_Y_loot_Smooth1_Refine1.png Graphic file (type png)
<use RA_Y_loot_Smooth1_Refine1.png>
Package pdftex.def Info: RA_Y_loot_Smooth1_Refine1.png  used on input line 1019
.
(pdftex.def)             Requested size: 287.53423pt x 199.17004pt.

LaTeX Warning: Float too large for page by 19.95909pt on input line 1023.

<AI_D1_loot_Rufael_Seb.png, id=566, 392.21532pt x 262.73157pt>
File: AI_D1_loot_Rufael_Seb.png Graphic file (type png)
<use AI_D1_loot_Rufael_Seb.png>
Package pdftex.def Info: AI_D1_loot_Rufael_Seb.png  used on input line 1058.
(pdftex.def)             Requested size: 297.33864pt x 199.17693pt.
<AI_D2_loot_Rufael_Seb.png, id=567, 388.45125pt x 261.22594pt>
File: AI_D2_loot_Rufael_Seb.png Graphic file (type png)
<use AI_D2_loot_Rufael_Seb.png>
Package pdftex.def Info: AI_D2_loot_Rufael_Seb.png  used on input line 1060.
(pdftex.def)             Requested size: 296.17436pt x 199.17151pt.
<AI_Y_loot_Rufael_Seb.png, id=568, 392.96812pt x 258.9675pt>
File: AI_Y_loot_Rufael_Seb.png Graphic file (type png)
<use AI_Y_loot_Rufael_Seb.png>
Package pdftex.def Info: AI_Y_loot_Rufael_Seb.png  used on input line 1062.
(pdftex.def)             Requested size: 302.2386pt x 199.17638pt.

LaTeX Warning: Float too large for page by 19.95648pt on input line 1066.

[26]
<RA_D1_loot_Rufael_Seb.png, id=573, 391.4625pt x 263.48438pt>
File: RA_D1_loot_Rufael_Seb.png Graphic file (type png)
<use RA_D1_loot_Rufael_Seb.png>
Package pdftex.def Info: RA_D1_loot_Rufael_Seb.png  used on input line 1104.
(pdftex.def)             Requested size: 295.91972pt x 199.17673pt.
<RA_D2_loot_Rufael_Seb.png, id=574, 388.45125pt x 264.23718pt>
File: RA_D2_loot_Rufael_Seb.png Graphic file (type png)
<use RA_D2_loot_Rufael_Seb.png>
Package pdftex.def Info: RA_D2_loot_Rufael_Seb.png  used on input line 1106.
(pdftex.def)             Requested size: 292.79582pt x 199.16924pt.
<RA_Y_loot_Rufael_Seb.png, id=575, 390.70969pt x 262.73157pt>
File: RA_Y_loot_Rufael_Seb.png Graphic file (type png)
<use RA_Y_loot_Rufael_Seb.png>
Package pdftex.def Info: RA_Y_loot_Rufael_Seb.png  used on input line 1108.
(pdftex.def)             Requested size: 296.19722pt x 199.17693pt.


LaTeX Warning: Float too large for page by 19.95456pt on input line 1112.

<loot_00_32.png, id=576, 344.03531pt x 308.65312pt>
File: loot_00_32.png Graphic file (type png)
<use loot_00_32.png>
Package pdftex.def Info: loot_00_32.png  used on input line 1117.
(pdftex.def)             Requested size: 189.22pt x 169.75974pt.
<loot_11_29.png, id=577, 343.2825pt x 311.66437pt>
File: loot_11_29.png Graphic file (type png)
<use loot_11_29.png>
Package pdftex.def Info: loot_11_29.png  used on input line 1121.
(pdftex.def)             Requested size: 188.80594pt x 171.41592pt.

Underfull \hbox (badness 10000) in paragraph at lines 1068--1126

 []

[27] [28] [29 <./AI_D1_loot_Smooth1_Refine0.png> <./AI_D2_loot_Smooth1_Refine0.
png> <./AI_Y_loot_Smooth1_Refine0.png>] [30 <./RA_D1_loot_Smooth1_Refine0.png> 
<./RA_D2_loot_Smooth1_Refine0.png> <./RA_Y_loot_Smooth1_Refine0.png>] [31 <./AI
_D1_loot_Smooth0_Refine1.png> <./AI_D2_loot_Smooth0_Refine1.png> <./AI_Y_loot_S
mooth0_Refine1.png>] [32 <./RA_D1_loot_Smooth0_Refine1.png> <./RA_D2_loot_Smoot
h0_Refine1.png> <./RA_Y_loot_Smooth0_Refine1.png>] [33 <./AI_D1_loot_Smooth1_Re
fine1.png> <./AI_D2_loot_Smooth1_Refine1.png> <./AI_Y_loot_Smooth1_Refine1.png>
] [34 <./RA_D1_loot_Smooth1_Refine1.png> <./RA_D2_loot_Smooth1_Refine1.png> <./
RA_Y_loot_Smooth1_Refine1.png>] [35 <./AI_D1_loot_Rufael_Seb.png> <./AI_D2_loot
_Rufael_Seb.png> <./AI_Y_loot_Rufael_Seb.png>] [36 <./RA_D1_loot_Rufael_Seb.png
> <./RA_D2_loot_Rufael_Seb.png> <./RA_Y_loot_Rufael_Seb.png>] [37 <./loot_00_32
.png> <./loot_11_29.png>]
 5.

Underfull \hbox (badness 10000) in paragraph at lines 1130--1135

 []

[38

] ("d_tyo - Copy.bbl"
Underfull \hbox (badness 1389) in paragraph at lines 13--15
[]\T1/cmr/m/n/12 ``HEVC sca-la-bi-li-ty ex-ten-sion (SHVC).'' https://hevc.hhi.
fraunhofer.de/shvc,
 []

)
Package atveryend Info: Empty hook `BeforeClearDocument' on input line 1172.
 [39

]
Package atveryend Info: Empty hook `AfterLastShipout' on input line 1172.
 ("d_tyo - Copy.aux")
Package atveryend Info: Executing hook `AtVeryEndDocument' on input line 1172.
Package atveryend Info: Executing hook `AtEndAfterFileList' on input line 1172.

Package rerunfilecheck Info: File `"d_tyo - Copy".out' has not changed.
(rerunfilecheck)             Checksum: 6C21F221BE088FB21EFE09E9A3816258;1783.


LaTeX Warning: There were undefined references.


LaTeX Warning: There were multiply-defined labels.

Package atveryend Info: Empty hook `AtVeryVeryEnd' on input line 1172.
 ) 
Here is how much of TeX's memory you used:
 10428 strings out of 493305
 158381 string characters out of 3138865
 293960 words of memory out of 3000000
 13573 multiletter control sequences out of 15000+200000
 21331 words of font info for 45 fonts, out of 3000000 for 9000
 1141 hyphenation exceptions out of 8191
 43i,12n,45p,1376b,465s stack positions out of 5000i,500n,10000p,200000b,50000s
 <C:\Users\sheikhip\AppData\Local\MiKTeX\2.9\fonts\pk\ljfour\jknappen\ec\dpi6
00\ecrm1000.pk> <C:\Users\sheikhip\AppData\Local\MiKTeX\2.9\fonts\pk\ljfour\jkn
appen\ec\dpi600\ecsl1200.pk> <C:\Users\sheikhip\AppData\Local\MiKTeX\2.9\fonts\
pk\ljfour\jknappen\ec\dpi600\ecti1095.pk> <C:\Users\sheikhip\AppData\Local\MiKT
eX\2.9\fonts\pk\ljfour\jknappen\ec\dpi600\ecbi1095.pk> <C:\Users\sheikhip\AppDa
ta\Local\MiKTeX\2.9\fonts\pk\ljfour\jknappen\ec\dpi600\ecbx1200.pk> <C:\Users\s
heikhip\AppData\Local\MiKTeX\2.9\fonts\pk\ljfour\jknappen\ec\dpi600\ecti1200.pk
> <C:\Users\sheikhip\AppData\Local\MiKTeX\2.9\fonts\pk\ljfour\jknappen\ec\dpi60
0\ecsx1200.pk> <C:\Users\sheikhip\AppData\Local\MiKTeX\2.9\fonts\pk\ljfour\jkna
ppen\ec\dpi600\ecsx1728.pk> <C:\Users\sheikhip\AppData\Local\MiKTeX\2.9\fonts\p
k\ljfour\jknappen\ec\dpi600\ecrm1200.pk> <C:\Users\sheikhip\AppData\Local\MiKTe
X\2.9\fonts\pk\ljfour\jknappen\ec\dpi600\ecss1200.pk> <C:\Users\sheikhip\AppDat
a\Local\MiKTeX\2.9\fonts\pk\ljfour\jknappen\ec\dpi600\ecsx1440.pk><C:/Program F
iles/MiKTeX 2.9/fonts/type1/public/amsfonts/cm/cmex10.pfb><C:/Program Files/MiK
TeX 2.9/fonts/type1/public/amsfonts/cm/cmmi12.pfb><C:/Program Files/MiKTeX 2.9/
fonts/type1/public/amsfonts/cm/cmmi6.pfb><C:/Program Files/MiKTeX 2.9/fonts/typ
e1/public/amsfonts/cm/cmmi8.pfb><C:/Program Files/MiKTeX 2.9/fonts/type1/public
/amsfonts/cm/cmr12.pfb><C:/Program Files/MiKTeX 2.9/fonts/type1/public/amsfonts
/cm/cmr8.pfb><C:/Program Files/MiKTeX 2.9/fonts/type1/public/amsfonts/cm/cmsy10
.pfb><C:/Program Files/MiKTeX 2.9/fonts/type1/public/amsfonts/cm/cmsy8.pfb>
Output written on "d_tyo - Copy.pdf" (49 pages, 8552266 bytes).
PDF statistics:
 1230 PDF objects out of 1440 (max. 8388607)
 174 named destinations out of 1000 (max. 500000)
 499 words of extra memory for PDF output out of 10000 (max. 10000000)

