\BOOKMARK [0][-]{chapter.1}{Introduction}{}% 1
\BOOKMARK [1][-]{section.1.1}{Objective and Scope of Thesis}{chapter.1}% 2
\BOOKMARK [1][-]{section.1.2}{Thesis Outline}{chapter.1}% 3
\BOOKMARK [0][-]{chapter.2}{OFDM WLAN Overview}{}% 4
\BOOKMARK [1][-]{section.2.1}{MAC Frame Structure for WLAN Standards}{chapter.2}% 5
\BOOKMARK [1][-]{section.2.2}{Physical Layer Specifications for WLAN Standards}{chapter.2}% 6
\BOOKMARK [1][-]{section.2.3}{IEEE 802.11a Receiver}{chapter.2}% 7
\BOOKMARK [2][-]{subsection.2.3.1}{Timing Estimation}{section.2.3}% 8
\BOOKMARK [2][-]{subsection.2.3.2}{Frequency Synchronization}{section.2.3}% 9
\BOOKMARK [2][-]{subsection.2.3.3}{Demodulation}{section.2.3}% 10
\BOOKMARK [2][-]{subsection.2.3.4}{Channel Estimation}{section.2.3}% 11
\BOOKMARK [2][-]{subsection.2.3.5}{Symbols Demapping}{section.2.3}% 12
\BOOKMARK [0][-]{chapter.3}{Reconfigurable Architectures}{}% 13
\BOOKMARK [1][-]{section.3.1}{AVATAR and SCREMA}{chapter.3}% 14
\BOOKMARK [1][-]{section.3.2}{ADRES}{chapter.3}% 15
\BOOKMARK [1][-]{section.3.3}{MorphoSys}{chapter.3}% 16
\BOOKMARK [1][-]{section.3.4}{PACT-XPP}{chapter.3}% 17
\BOOKMARK [1][-]{section.3.5}{MORPHEUS}{chapter.3}% 18
\BOOKMARK [0][-]{chapter.4}{Platform Architecture}{}% 19
\BOOKMARK [1][-]{section.4.1}{COFFEE RISC Core}{chapter.4}% 20
\BOOKMARK [2][-]{subsection.4.1.1}{Introduction to the COFFEE RISC core}{section.4.1}% 21
\BOOKMARK [2][-]{subsection.4.1.2}{Software and Hardware View of the COFFEE RISC core}{section.4.1}% 22
\BOOKMARK [2][-]{subsection.4.1.3}{Core Pipeline Structure}{section.4.1}% 23
\BOOKMARK [1][-]{section.4.2}{CREMA}{chapter.4}% 24
\BOOKMARK [2][-]{subsection.4.2.1}{PE Core Parameters and Interconnections}{section.4.2}% 25
\BOOKMARK [2][-]{subsection.4.2.2}{CREMA Control Unit}{section.4.2}% 26
\BOOKMARK [2][-]{subsection.4.2.3}{Process of Application-Specific Accelerator Design on CREMA Platform}{section.4.2}% 27
\BOOKMARK [0][-]{chapter.5}{Design Implementations and Algorithms Mapping}{}% 28
\BOOKMARK [1][-]{section.5.1}{Time Synchronization}{chapter.5}% 29
\BOOKMARK [1][-]{section.5.2}{Frequency Offset Estimation}{chapter.5}% 30
\BOOKMARK [1][-]{section.5.3}{Channel Estimation}{chapter.5}% 31
\BOOKMARK [1][-]{section.5.4}{Symbols Demapping}{chapter.5}% 32
\BOOKMARK [1][-]{section.5.5}{Synthesis Results}{chapter.5}% 33
\BOOKMARK [0][-]{chapter.6}{Conclusion}{}% 34
\BOOKMARK [0][-]{chapter.6}{Bibliography}{}% 35
